<?xml version="1.0" encoding="UTF-8"?>
<testsuite xmlns:xsi="http://www.w3.org/2001/XMLSchema-instance" xsi:noNamespaceSchemaLocation="https://maven.apache.org/surefire/maven-surefire-plugin/xsd/surefire-test-report.xsd" name="com.alouer.TerminalTest" time="0.032" tests="6" errors="0" skipped="0" failures="5">
  <properties>
    <property name="java.specification.version" value="21"/>
    <property name="sun.cpu.isalist" value="amd64"/>
    <property name="sun.jnu.encoding" value="Cp1252"/>
    <property name="java.class.path" value="C:\Users\Nirav\Documents\GitHub\SOEN-342\alouer\target\test-classes;C:\Users\Nirav\Documents\GitHub\SOEN-342\alouer\target\classes;C:\Users\Nirav\.m2\repository\junit\junit\4.11\junit-4.11.jar;C:\Users\Nirav\.m2\repository\org\hamcrest\hamcrest-core\1.3\hamcrest-core-1.3.jar;"/>
    <property name="java.vm.vendor" value="Oracle Corporation"/>
    <property name="sun.arch.data.model" value="64"/>
    <property name="user.variant" value=""/>
    <property name="java.vendor.url" value="https://java.oracle.com/"/>
    <property name="user.timezone" value="America/Toronto"/>
    <property name="os.name" value="Windows 11"/>
    <property name="java.vm.specification.version" value="21"/>
    <property name="sun.java.launcher" value="SUN_STANDARD"/>
    <property name="user.country" value="CA"/>
    <property name="sun.boot.library.path" value="C:\Program Files\Java\jdk-21\bin"/>
    <property name="sun.java.command" value="C:\Users\Nirav\AppData\Local\Temp\surefire4930123962645436114\surefirebooter4975128254007906572.jar C:\Users\Nirav\AppData\Local\Temp\surefire4930123962645436114 2024-10-30T20-15-20_197-jvmRun1 surefire9496767423716181690tmp surefire_011379476300716861761tmp"/>
    <property name="jdk.debug" value="release"/>
    <property name="surefire.test.class.path" value="C:\Users\Nirav\Documents\GitHub\SOEN-342\alouer\target\test-classes;C:\Users\Nirav\Documents\GitHub\SOEN-342\alouer\target\classes;C:\Users\Nirav\.m2\repository\junit\junit\4.11\junit-4.11.jar;C:\Users\Nirav\.m2\repository\org\hamcrest\hamcrest-core\1.3\hamcrest-core-1.3.jar;"/>
    <property name="sun.cpu.endian" value="little"/>
    <property name="user.home" value="C:\Users\Nirav"/>
    <property name="user.language" value="en"/>
    <property name="java.specification.vendor" value="Oracle Corporation"/>
    <property name="java.version.date" value="2024-01-16"/>
    <property name="java.home" value="C:\Program Files\Java\jdk-21"/>
    <property name="file.separator" value="\"/>
    <property name="basedir" value="C:\Users\Nirav\Documents\GitHub\SOEN-342\alouer"/>
    <property name="java.vm.compressedOopsMode" value="Zero based"/>
    <property name="line.separator" value="&#10;"/>
    <property name="java.vm.specification.vendor" value="Oracle Corporation"/>
    <property name="java.specification.name" value="Java Platform API Specification"/>
    <property name="surefire.real.class.path" value="C:\Users\Nirav\AppData\Local\Temp\surefire4930123962645436114\surefirebooter4975128254007906572.jar"/>
    <property name="user.script" value=""/>
    <property name="sun.management.compiler" value="HotSpot 64-Bit Tiered Compilers"/>
    <property name="java.runtime.version" value="21.0.2+13-LTS-58"/>
    <property name="user.name" value="Nirav"/>
    <property name="stdout.encoding" value="Cp1252"/>
    <property name="path.separator" value=";"/>
    <property name="os.version" value="10.0"/>
    <property name="java.runtime.name" value="Java(TM) SE Runtime Environment"/>
    <property name="file.encoding" value="UTF-8"/>
    <property name="java.vm.name" value="Java HotSpot(TM) 64-Bit Server VM"/>
    <property name="localRepository" value="C:\Users\Nirav\.m2\repository"/>
    <property name="java.vendor.url.bug" value="https://bugreport.java.com/bugreport/"/>
    <property name="java.io.tmpdir" value="C:\Users\Nirav\AppData\Local\Temp\"/>
    <property name="java.version" value="21.0.2"/>
    <property name="user.dir" value="C:\Users\Nirav\Documents\GitHub\SOEN-342\alouer"/>
    <property name="os.arch" value="amd64"/>
    <property name="java.vm.specification.name" value="Java Virtual Machine Specification"/>
    <property name="sun.os.patch.level" value=""/>
    <property name="native.encoding" value="Cp1252"/>
    <property name="java.library.path" value="C:\Program Files\Java\jdk-21\bin;C:\Windows\Sun\Java\bin;C:\Windows\system32;C:\Windows;C:\Program Files\Common Files\Oracle\Java\javapath;C:\Program Files (x86)\Common Files\Oracle\Java\javapath;C:\Program Files\Microsoft\jdk-11.0.16.101-hotspot\bin;C:\Windows\system32;C:\Windows;C:\Windows\System32\Wbem;C:\Windows\System32\WindowsPowerShell\v1.0\;C:\Windows\System32\OpenSSH\;C:\Program Files\NVIDIA Corporation\NVIDIA NvDLISR;C:\Program Files\Microsoft VS Code\bin;C:\Program Files (x86)\NVIDIA Corporation\PhysX\Common;C:\Program Files\PuTTY\;C:\Program Files\Microsoft SQL Server\150\Tools\Binn\;C:\Program Files\Microsoft SQL Server\Client SDK\ODBC\170\Tools\Binn\;C:\Program Files (x86)\Windows Kits\10\Windows Performance Toolkit\;C:\Program Files\Go\bin;C:\Program Files\dotnet\;C:\Users\Nirav\AppData\Roaming\nvm;C:\Program Files\nodejs;C:\Program Files\Git\bin;C:\Program Files\Docker\Docker\resources\bin;C:\Program Files\Gource\cmd;C:\Program Files\Java\jdk-21\bin;C:\ProgramData\chocolatey\bin;C:\Users\Nirav\AppData\Local\Programs\Python\Python312\Scripts\;C:\Users\Nirav\AppData\Local\Programs\Python\Python312\;C:\Users\Nirav\AppData\Local\Programs\Python\Launcher\;C:\Program Files\Python311;C:\Users\Nirav\AppData\Local\Microsoft\WindowsApps;C:\Users\Nirav\AppData\Local\GitHubDesktop\bin;C:\Users\Nirav\.dotnet\tools;C:\Users\Nirav\AppData\Local\gitkraken\bin;C:\Users\Nirav\go\bin;C:\Program Files\Java\jdk-21\bin;C:\Maven\apache-maven-3.9.5\bin;C:\Users\Nirav\.dotnet\tools;C:\Users\Nirav\AppData\Roaming\nvm;C:\Program Files\nodejs;C:\ffmpeg-bin;;."/>
    <property name="java.vm.info" value="mixed mode, sharing"/>
    <property name="stderr.encoding" value="Cp1252"/>
    <property name="java.vendor" value="Oracle Corporation"/>
    <property name="java.vm.version" value="21.0.2+13-LTS-58"/>
    <property name="sun.io.unicode.encoding" value="UnicodeLittle"/>
    <property name="java.class.version" value="65.0"/>
  </properties>
  <testcase name="testValidAdminLogin" classname="com.alouer.TerminalTest" time="0.007"/>
  <testcase name="testInvalidInstructorLogin" classname="com.alouer.TerminalTest" time="0.003">
    <failure type="java.lang.AssertionError">java.lang.AssertionError
	at com.alouer.TerminalTest.testInvalidInstructorLogin(TerminalTest.java:78)
</failure>
  </testcase>
  <testcase name="testValidInstructorLogin" classname="com.alouer.TerminalTest" time="0.001">
    <failure type="java.lang.AssertionError">java.lang.AssertionError
	at com.alouer.TerminalTest.testValidInstructorLogin(TerminalTest.java:67)
</failure>
  </testcase>
  <testcase name="testInvalidAdminLogin" classname="com.alouer.TerminalTest" time="0">
    <failure type="java.lang.AssertionError">java.lang.AssertionError
	at com.alouer.TerminalTest.testInvalidAdminLogin(TerminalTest.java:100)
</failure>
  </testcase>
  <testcase name="testValidClientLogin" classname="com.alouer.TerminalTest" time="0.001">
    <failure type="java.lang.AssertionError">java.lang.AssertionError
	at com.alouer.TerminalTest.testValidClientLogin(TerminalTest.java:42)
</failure>
  </testcase>
  <testcase name="testInvalidClientLogin" classname="com.alouer.TerminalTest" time="0.001">
    <failure type="java.lang.AssertionError">java.lang.AssertionError
	at com.alouer.TerminalTest.testInvalidClientLogin(TerminalTest.java:53)
</failure>
  </testcase>
</testsuite>